<?xml version="1.0" encoding="UTF-8"?>
<testsuite xmlns:xsi="http://www.w3.org/2001/XMLSchema-instance" xsi:noNamespaceSchemaLocation="https://maven.apache.org/surefire/maven-surefire-plugin/xsd/surefire-test-report-3.0.xsd" version="3.0" name="ru.ibragim.AppTest" time="0.193" tests="3" errors="0" skipped="0" failures="0">
  <properties>
    <property name="java.specification.version" value="20"/>
    <property name="sun.cpu.isalist" value="amd64"/>
    <property name="sun.jnu.encoding" value="Cp1251"/>
    <property name="java.class.path" value="d:\Git\Mazer\target\test-classes;d:\Git\Mazer\target\classes;C:\Users\user0\.m2\repository\org\postgresql\postgresql\42.6.0\postgresql-42.6.0.jar;C:\Users\user0\.m2\repository\org\checkerframework\checker-qual\3.31.0\checker-qual-3.31.0.jar;C:\Users\user0\.m2\repository\junit\junit\4.13.2\junit-4.13.2.jar;C:\Users\user0\.m2\repository\org\hamcrest\hamcrest-core\1.3\hamcrest-core-1.3.jar;C:\Users\user0\.m2\repository\org\hibernate\hibernate-core-jakarta\5.6.15.Final\hibernate-core-jakarta-5.6.15.Final.jar;C:\Users\user0\.m2\repository\org\jboss\logging\jboss-logging\3.4.3.Final\jboss-logging-3.4.3.Final.jar;C:\Users\user0\.m2\repository\jakarta\persistence\jakarta.persistence-api\3.0.0\jakarta.persistence-api-3.0.0.jar;C:\Users\user0\.m2\repository\net\bytebuddy\byte-buddy\1.12.18\byte-buddy-1.12.18.jar;C:\Users\user0\.m2\repository\antlr\antlr\2.7.7\antlr-2.7.7.jar;C:\Users\user0\.m2\repository\jakarta\transaction\jakarta.transaction-api\2.0.0\jakarta.transaction-api-2.0.0.jar;C:\Users\user0\.m2\repository\org\jboss\jandex\2.4.2.Final\jandex-2.4.2.Final.jar;C:\Users\user0\.m2\repository\com\fasterxml\classmate\1.5.1\classmate-1.5.1.jar;C:\Users\user0\.m2\repository\jakarta\activation\jakarta.activation-api\2.0.1\jakarta.activation-api-2.0.1.jar;C:\Users\user0\.m2\repository\org\dom4j\dom4j\2.1.3\dom4j-2.1.3.jar;C:\Users\user0\.m2\repository\org\hibernate\common\hibernate-commons-annotations\5.1.2.Final\hibernate-commons-annotations-5.1.2.Final.jar;C:\Users\user0\.m2\repository\jakarta\xml\bind\jakarta.xml.bind-api\3.0.1\jakarta.xml.bind-api-3.0.1.jar;C:\Users\user0\.m2\repository\com\sun\activation\jakarta.activation\2.0.1\jakarta.activation-2.0.1.jar;C:\Users\user0\.m2\repository\org\glassfish\jaxb\jaxb-runtime\3.0.0\jaxb-runtime-3.0.0.jar;C:\Users\user0\.m2\repository\org\glassfish\jaxb\jaxb-core\3.0.0\jaxb-core-3.0.0.jar;C:\Users\user0\.m2\repository\org\glassfish\jaxb\txw2\3.0.0\txw2-3.0.0.jar;C:\Users\user0\.m2\repository\com\sun\istack\istack-commons-runtime\4.0.0\istack-commons-runtime-4.0.0.jar;"/>
    <property name="java.vm.vendor" value="Oracle Corporation"/>
    <property name="sun.arch.data.model" value="64"/>
    <property name="user.variant" value=""/>
    <property name="java.vendor.url" value="https://java.oracle.com/"/>
    <property name="user.timezone" value="Europe/Samara"/>
    <property name="os.name" value="Windows 10"/>
    <property name="java.vm.specification.version" value="20"/>
    <property name="sun.java.launcher" value="SUN_STANDARD"/>
    <property name="user.country" value="RU"/>
    <property name="sun.boot.library.path" value="D:\jdk\bin"/>
    <property name="sun.java.command" value="C:\Users\user0\AppData\Local\Temp\surefire16082009648744381517\surefirebooter-20230804133200721_3.jar C:\Users\user0\AppData\Local\Temp\surefire16082009648744381517 2023-08-04T13-32-00_361-jvmRun1 surefire-20230804133200721_1tmp surefire_0-20230804133200721_2tmp"/>
    <property name="jdk.debug" value="release"/>
    <property name="surefire.test.class.path" value="d:\Git\Mazer\target\test-classes;d:\Git\Mazer\target\classes;C:\Users\user0\.m2\repository\org\postgresql\postgresql\42.6.0\postgresql-42.6.0.jar;C:\Users\user0\.m2\repository\org\checkerframework\checker-qual\3.31.0\checker-qual-3.31.0.jar;C:\Users\user0\.m2\repository\junit\junit\4.13.2\junit-4.13.2.jar;C:\Users\user0\.m2\repository\org\hamcrest\hamcrest-core\1.3\hamcrest-core-1.3.jar;C:\Users\user0\.m2\repository\org\hibernate\hibernate-core-jakarta\5.6.15.Final\hibernate-core-jakarta-5.6.15.Final.jar;C:\Users\user0\.m2\repository\org\jboss\logging\jboss-logging\3.4.3.Final\jboss-logging-3.4.3.Final.jar;C:\Users\user0\.m2\repository\jakarta\persistence\jakarta.persistence-api\3.0.0\jakarta.persistence-api-3.0.0.jar;C:\Users\user0\.m2\repository\net\bytebuddy\byte-buddy\1.12.18\byte-buddy-1.12.18.jar;C:\Users\user0\.m2\repository\antlr\antlr\2.7.7\antlr-2.7.7.jar;C:\Users\user0\.m2\repository\jakarta\transaction\jakarta.transaction-api\2.0.0\jakarta.transaction-api-2.0.0.jar;C:\Users\user0\.m2\repository\org\jboss\jandex\2.4.2.Final\jandex-2.4.2.Final.jar;C:\Users\user0\.m2\repository\com\fasterxml\classmate\1.5.1\classmate-1.5.1.jar;C:\Users\user0\.m2\repository\jakarta\activation\jakarta.activation-api\2.0.1\jakarta.activation-api-2.0.1.jar;C:\Users\user0\.m2\repository\org\dom4j\dom4j\2.1.3\dom4j-2.1.3.jar;C:\Users\user0\.m2\repository\org\hibernate\common\hibernate-commons-annotations\5.1.2.Final\hibernate-commons-annotations-5.1.2.Final.jar;C:\Users\user0\.m2\repository\jakarta\xml\bind\jakarta.xml.bind-api\3.0.1\jakarta.xml.bind-api-3.0.1.jar;C:\Users\user0\.m2\repository\com\sun\activation\jakarta.activation\2.0.1\jakarta.activation-2.0.1.jar;C:\Users\user0\.m2\repository\org\glassfish\jaxb\jaxb-runtime\3.0.0\jaxb-runtime-3.0.0.jar;C:\Users\user0\.m2\repository\org\glassfish\jaxb\jaxb-core\3.0.0\jaxb-core-3.0.0.jar;C:\Users\user0\.m2\repository\org\glassfish\jaxb\txw2\3.0.0\txw2-3.0.0.jar;C:\Users\user0\.m2\repository\com\sun\istack\istack-commons-runtime\4.0.0\istack-commons-runtime-4.0.0.jar;"/>
    <property name="sun.cpu.endian" value="little"/>
    <property name="user.home" value="C:\Users\user0"/>
    <property name="user.language" value="ru"/>
    <property name="java.specification.vendor" value="Oracle Corporation"/>
    <property name="java.version.date" value="2023-04-18"/>
    <property name="java.home" value="D:\jdk"/>
    <property name="file.separator" value="\"/>
    <property name="basedir" value="d:\Git\Mazer"/>
    <property name="java.vm.compressedOopsMode" value="Zero based"/>
    <property name="line.separator" value="&#10;"/>
    <property name="java.vm.specification.vendor" value="Oracle Corporation"/>
    <property name="java.specification.name" value="Java Platform API Specification"/>
    <property name="surefire.real.class.path" value="C:\Users\user0\AppData\Local\Temp\surefire16082009648744381517\surefirebooter-20230804133200721_3.jar"/>
    <property name="user.script" value=""/>
    <property name="sun.management.compiler" value="HotSpot 64-Bit Tiered Compilers"/>
    <property name="java.runtime.version" value="20.0.1+9-29"/>
    <property name="user.name" value="user0"/>
    <property name="stdout.encoding" value="Cp1251"/>
    <property name="path.separator" value=";"/>
    <property name="os.version" value="10.0"/>
    <property name="java.runtime.name" value="Java(TM) SE Runtime Environment"/>
    <property name="file.encoding" value="UTF-8"/>
    <property name="java.vm.name" value="Java HotSpot(TM) 64-Bit Server VM"/>
    <property name="localRepository" value="C:\Users\user0\.m2\repository"/>
    <property name="java.vendor.url.bug" value="https://bugreport.java.com/bugreport/"/>
    <property name="java.io.tmpdir" value="C:\Users\user0\AppData\Local\Temp\"/>
    <property name="java.version" value="20.0.1"/>
    <property name="user.dir" value="d:\Git\Mazer"/>
    <property name="os.arch" value="amd64"/>
    <property name="java.vm.specification.name" value="Java Virtual Machine Specification"/>
    <property name="sun.os.patch.level" value=""/>
    <property name="native.encoding" value="Cp1251"/>
    <property name="java.library.path" value="D:\jdk\bin;C:\Windows\Sun\Java\bin;C:\Windows\system32;C:\Windows;D:\Proteus 8 Professional\Tools\_WinAVR\bin;D:\Proteus 8 Professional\Tools\_WinAVR\utils\bin;C:\Program Files\Common Files\Oracle\Java\javapath;C:\Windows\system32;C:\Windows;C:\Windows\System32\Wbem;C:\Windows\System32\WindowsPowerShell\v1.0\;C:\Windows\System32\OpenSSH\;D:\AVR Studio\Compiler\bin;D:\Microsoft SQL Server\Shared_x86\160\Tools\Binn\;D:\Microsoft SQL Server\Shared\160\Tools\Binn\;D:\Microsoft SQL Server\Shared\Client SDK\ODBC\170\Tools\Binn\;D:\Microsoft SQL Server\Shared\160\DTS\Binn\;D:\Microsoft SQL Server\Shared_x86\160\DTS\Binn\;C:\Program Files\dotnet\;D:\Rust\Cargo\bin;C:\Users\user0\AppData\Local\Microsoft\WindowsApps;C:\Users\user0\.dotnet\tools;C:\Program Files\Azure Data Studio\bin;C:\Users\user0\AppData\Local\JetBrains\Toolbox\scripts;D:\Documents\scripts;C:\Program Files\Azure Data Studio\bin;D:\Microsoft VS Code\bin;C:\Users\user0\.dotnet\tools;D:\maven\bin;;."/>
    <property name="java.vm.info" value="mixed mode, sharing"/>
    <property name="stderr.encoding" value="Cp1251"/>
    <property name="java.vendor" value="Oracle Corporation"/>
    <property name="java.vm.version" value="20.0.1+9-29"/>
    <property name="sun.io.unicode.encoding" value="UnicodeLittle"/>
    <property name="java.class.version" value="64.0"/>
  </properties>
  <testcase name="DFSTest" classname="ru.ibragim.AppTest" time="0.056">
    <system-out><![CDATA[BlockCount:	160
██████████████████████████████████████████
█             ▓ ▓    ▓ ▓          ▓     ▓█
█    ▓      ▓   ▓ ▓ ▓ ▓       ▓  ▓     ▓ █
█  ▓ ▓▓      ▓           S  ▓      ▓   ▓▓█
█  ▓▓  ▓          ▓                 ▓ ▓  █
█        ▓▓  ▓      ▓  ▓  ▓  ▓      ▓    █
█  ▓ ▓▓ ▓  ▓ ▓    ▓  ▓  ▓    ▓▓    ▓   ▓ █
█              ▓         ▓   ▓      ▓    █
█   ▓ ▓        ▓       ▓    ▓       ▓ ▓  █
█              ▓      ▓ ▓  ▓  ▓     ▓▓▓  █
█▓      ▓         ▓ ▓    ▓ ▓      ▓  ▓   █
█ ▓ ▓        ▓    ▓ ▓▓▓         ▓    ▓   █
█   ▓▓  ▓   ▓▓  E  ▓ ▓▓▓▓             ▓▓ █
█   ▓        ▓▓ ▓            ▓  ▓        █
█  ▓         ▓  ▓  ▓▓▓        ▓  ▓       █
█      ▓    ▓ ▓  ▓▓   ▓▓ ▓  ▓▓           █
█▓   ▓▓         ▓            ▓▓          █
█  ▓    ▓      ▓   ▓   ▓      ▓ ▓▓     ▓ █
█         ▓ ▓▓▓ ▓                     ▓  █
█▓        ▓▓  ▓▓  ▓▓     ▓   ▓  ▓ ▓ ▓ ▓  █
█   ▓                ▓       ▓     ▓     █
██████████████████████████████████████████
Start Deep solving
]]></system-out>
  </testcase>
  <testcase name="BFSTest" classname="ru.ibragim.AppTest" time="0.013">
    <system-out><![CDATA[BlockCount:	160
██████████████████████████████████████████
█             ▓ ▓    ▓ ▓          ▓     ▓█
█    ▓      ▓   ▓ ▓ ▓ ▓       ▓  ▓     ▓ █
█  ▓ ▓▓      ▓           S  ▓      ▓   ▓▓█
█  ▓▓  ▓          ▓                 ▓ ▓  █
█        ▓▓  ▓      ▓  ▓  ▓  ▓      ▓    █
█  ▓ ▓▓ ▓  ▓ ▓    ▓  ▓  ▓    ▓▓    ▓   ▓ █
█              ▓         ▓   ▓      ▓    █
█   ▓ ▓        ▓       ▓    ▓       ▓ ▓  █
█              ▓      ▓ ▓  ▓  ▓     ▓▓▓  █
█▓      ▓         ▓ ▓    ▓ ▓      ▓  ▓   █
█ ▓ ▓        ▓    ▓ ▓▓▓         ▓    ▓   █
█   ▓▓  ▓   ▓▓  E  ▓ ▓▓▓▓             ▓▓ █
█   ▓        ▓▓ ▓            ▓  ▓        █
█  ▓         ▓  ▓  ▓▓▓        ▓  ▓       █
█      ▓    ▓ ▓  ▓▓   ▓▓ ▓  ▓▓           █
█▓   ▓▓         ▓            ▓▓          █
█  ▓    ▓      ▓   ▓   ▓      ▓ ▓▓     ▓ █
█         ▓ ▓▓▓ ▓                     ▓  █
█▓        ▓▓  ▓▓  ▓▓     ▓   ▓  ▓ ▓ ▓ ▓  █
█   ▓                ▓       ▓     ▓     █
██████████████████████████████████████████
Start Wide solving
]]></system-out>
  </testcase>
  <testcase name="echoClassNames" classname="ru.ibragim.AppTest" time="0.003">
    <system-out><![CDATA[Turn:	ru.ibragim.model.Turn
Map:	ru.ibragim.model.Map
]]></system-out>
  </testcase>
</testsuite>